22:28:04: Creating resource group General
22:28:04: Creating resource group Internal
22:28:04: Creating resource group Autodetect
22:28:04: SceneManagerFactory for type 'DefaultSceneManager' registered.
22:28:04: Registering ResourceManager for type Material
22:28:04: Registering ResourceManager for type Mesh
22:28:04: Registering ResourceManager for type Skeleton
22:28:04: MovableObjectFactory for type 'ParticleSystem' registered.
22:28:04: OverlayElementFactory for type Panel registered.
22:28:04: OverlayElementFactory for type BorderPanel registered.
22:28:04: OverlayElementFactory for type TextArea registered.
22:28:04: Registering ResourceManager for type Font
22:28:04: ArchiveFactory for archive type FileSystem registered.
22:28:04: ArchiveFactory for archive type Zip registered.
22:28:04: DDS codec registering
22:28:04: FreeImage version: 3.13.1
22:28:04: This program uses FreeImage, a free, open source image library supporting all common bitmap formats. See http://freeimage.sourceforge.net for details
22:28:04: Supported formats: bmp,ico,jpg,jif,jpeg,jpe,jng,koa,iff,lbm,mng,pbm,pbm,pcd,pcx,pgm,pgm,png,ppm,ppm,ras,tga,targa,tif,tiff,wap,wbmp,wbm,psd,cut,xbm,xpm,gif,hdr,g3,sgi,exr,j2k,j2c,jp2,pfm,pct,pict,pic,bay,bmq,cr2,crw,cs1,dc2,dcr,dng,erf,fff,hdr,k25,kdc,mdc,mos,mrw,nef,orf,pef,pxn,raf,raw,rdc,sr2,srf,arw,3fr,cine,ia,kc2,mef,nrw,qtk,rw2,sti,drf,dsc,ptx,cap,iiq,rwz
22:28:04: Registering ResourceManager for type HighLevelGpuProgram
22:28:04: Registering ResourceManager for type Compositor
22:28:04: MovableObjectFactory for type 'Entity' registered.
22:28:04: MovableObjectFactory for type 'Light' registered.
22:28:04: MovableObjectFactory for type 'BillboardSet' registered.
22:28:04: MovableObjectFactory for type 'ManualObject' registered.
22:28:04: MovableObjectFactory for type 'BillboardChain' registered.
22:28:04: MovableObjectFactory for type 'RibbonTrail' registered.
22:28:04: OGRE EXCEPTION(6:FileNotFoundException): 'plugins.cfg' file not found! in ConfigFile::load at /home/mich/c/ogre_src_v1-7-2/OgreMain/src/OgreConfigFile.cpp (line 83)
22:28:04: plugins.cfg not found, automatic plugin loading disabled.
22:28:04: *-*-* OGRE Initialising
22:28:04: *-*-* Version 1.7.2 (Cthugha)
22:28:04: OGRE EXCEPTION(6:FileNotFoundException): 'resources.cfg' file not found! in ConfigFile::load at /home/mich/c/ogre_src_v1-7-2/OgreMain/src/OgreConfigFile.cpp (line 83)
22:28:04: *-*-* OGRE Shutdown
22:28:04: Unregistering ResourceManager for type Compositor
22:28:04: Unregistering ResourceManager for type Font
22:28:04: Unregistering ResourceManager for type Skeleton
22:28:04: Unregistering ResourceManager for type Mesh
22:28:04: Unregistering ResourceManager for type HighLevelGpuProgram
22:28:04: Unregistering ResourceManager for type Material
